<?xml version="1.0" encoding="UTF-8"?>
<testng-results ignored="0" total="2" passed="2" failed="0" skipped="0">
  <reporter-output>
  </reporter-output>
  <suite started-at="2023-03-25T13:37:58 IST" name="Suite" finished-at="2023-03-25T13:39:03 IST" duration-ms="65080">
    <groups>
    </groups>
    <test started-at="2023-03-25T13:37:58 IST" name="Test" finished-at="2023-03-25T13:39:03 IST" duration-ms="65080">
      <class name="Flipkart.HomePageTest">
        <test-method is-config="true" signature="setup()[pri:0, instance:Flipkart.HomePageTest@156b88f5]" started-at="2023-03-25T13:37:58 IST" name="setup" finished-at="2023-03-25T13:38:32 IST" duration-ms="33768" status="PASS">
          <reporter-output>
          </reporter-output>
        </test-method> <!-- setup -->
        <test-method signature="CloseLoginPopUp()[pri:0, instance:Flipkart.HomePageTest@156b88f5]" started-at="2023-03-25T13:38:32 IST" name="CloseLoginPopUp" finished-at="2023-03-25T13:38:33 IST" duration-ms="890" status="PASS">
          <reporter-output>
          </reporter-output>
        </test-method> <!-- CloseLoginPopUp -->
        <test-method is-config="true" signature="setup()[pri:0, instance:Flipkart.HomePageTest@156b88f5]" started-at="2023-03-25T13:38:33 IST" name="setup" finished-at="2023-03-25T13:38:48 IST" duration-ms="15323" status="PASS">
          <reporter-output>
          </reporter-output>
        </test-method> <!-- setup -->
        <test-method signature="SearchProduct()[pri:0, instance:Flipkart.HomePageTest@156b88f5]" started-at="2023-03-25T13:38:48 IST" name="SearchProduct" finished-at="2023-03-25T13:39:03 IST" duration-ms="14501" status="PASS">
          <reporter-output>
          </reporter-output>
        </test-method> <!-- SearchProduct -->
        <test-method is-config="true" signature="tearDown()[pri:0, instance:Flipkart.HomePageTest@156b88f5]" started-at="2023-03-25T13:39:03 IST" name="tearDown" finished-at="2023-03-25T13:39:03 IST" duration-ms="514" status="PASS">
          <reporter-output>
          </reporter-output>
        </test-method> <!-- tearDown -->
      </class> <!-- Flipkart.HomePageTest -->
    </test> <!-- Test -->
  </suite> <!-- Suite -->
</testng-results>
