<?xml version="1.0" encoding="UTF-8"?>
<testng-results ignored="0" total="1" passed="1" failed="0" skipped="0">
  <reporter-output>
  </reporter-output>
  <suite started-at="2023-04-11T12:24:11 IST" name="Default suite" finished-at="2023-04-11T12:24:49 IST" duration-ms="37915">
    <groups>
    </groups>
    <test started-at="2023-04-11T12:24:11 IST" name="Default test" finished-at="2023-04-11T12:24:49 IST" duration-ms="37915">
      <class name="Flipkart.HomePageTest">
        <test-method is-config="true" signature="setup()[pri:0, instance:Flipkart.HomePageTest@1da2cb77]" started-at="2023-04-11T12:24:11 IST" name="setup" finished-at="2023-04-11T12:24:20 IST" duration-ms="9558" status="PASS">
          <reporter-output>
          </reporter-output>
        </test-method> <!-- setup -->
        <test-method signature="SearchPhoneAndClickOnByNow()[pri:0, instance:Flipkart.HomePageTest@1da2cb77]" started-at="2023-04-11T12:24:20 IST" name="SearchPhoneAndClickOnByNow" finished-at="2023-04-11T12:24:48 IST" duration-ms="27962" status="PASS">
          <reporter-output>
          </reporter-output>
        </test-method> <!-- SearchPhoneAndClickOnByNow -->
        <test-method is-config="true" signature="tearDown()[pri:0, instance:Flipkart.HomePageTest@1da2cb77]" started-at="2023-04-11T12:24:48 IST" name="tearDown" finished-at="2023-04-11T12:24:49 IST" duration-ms="315" status="PASS">
          <reporter-output>
          </reporter-output>
        </test-method> <!-- tearDown -->
      </class> <!-- Flipkart.HomePageTest -->
    </test> <!-- Default test -->
  </suite> <!-- Default suite -->
</testng-results>
